<?xml version="1.0" encoding="UTF-8"?>
<testng-results skipped="0" failed="0" ignored="0" total="11" passed="11">
  <reporter-output>
  </reporter-output>
  <suite name="Default suite" duration-ms="162" started-at="2020-06-22T13:14:28Z" finished-at="2020-06-22T13:14:28Z">
    <groups>
    </groups>
    <test name="Default test" duration-ms="162" started-at="2020-06-22T13:14:28Z" finished-at="2020-06-22T13:14:28Z">
      <class name="test.ValidationsTest">
        <test-method status="PASS" signature="TC1_Validations_IsValid_code()[pri:0, instance:test.ValidationsTest@6574b225]" name="TC1_Validations_IsValid_code" duration-ms="4" started-at="2020-06-22T14:14:28Z" finished-at="2020-06-22T14:14:28Z">
          <reporter-output>
          </reporter-output>
        </test-method> <!-- TC1_Validations_IsValid_code -->
        <test-method status="PASS" signature="TC2_Validations_IsValid_code()[pri:0, instance:test.ValidationsTest@6574b225]" name="TC2_Validations_IsValid_code" duration-ms="2" started-at="2020-06-22T14:14:28Z" finished-at="2020-06-22T14:14:28Z">
          <reporter-output>
          </reporter-output>
        </test-method> <!-- TC2_Validations_IsValid_code -->
        <test-method status="PASS" signature="TC3_Validations_Isvalid_amount()[pri:0, instance:test.ValidationsTest@6574b225]" name="TC3_Validations_Isvalid_amount" duration-ms="1" started-at="2020-06-22T14:14:28Z" finished-at="2020-06-22T14:14:28Z">
          <reporter-output>
          </reporter-output>
        </test-method> <!-- TC3_Validations_Isvalid_amount -->
        <test-method status="PASS" signature="TC4_Validations_Isvalid_amount()[pri:0, instance:test.ValidationsTest@6574b225]" name="TC4_Validations_Isvalid_amount" duration-ms="2" started-at="2020-06-22T14:14:28Z" finished-at="2020-06-22T14:14:28Z">
          <reporter-output>
          </reporter-output>
        </test-method> <!-- TC4_Validations_Isvalid_amount -->
      </class> <!-- test.ValidationsTest -->
      <class name="test.ProductsDetailsTest">
        <test-method status="PASS" signature="TC5_Product_Details_GetDetails()[pri:0, instance:test.ProductsDetailsTest@2669b199]" name="TC5_Product_Details_GetDetails" duration-ms="3" started-at="2020-06-22T14:14:28Z" finished-at="2020-06-22T14:14:28Z">
          <reporter-output>
          </reporter-output>
        </test-method> <!-- TC5_Product_Details_GetDetails -->
        <test-method status="PASS" signature="TC6_Product_Details_GetDetails()[pri:0, instance:test.ProductsDetailsTest@2669b199]" name="TC6_Product_Details_GetDetails" duration-ms="2" started-at="2020-06-22T14:14:28Z" finished-at="2020-06-22T14:14:28Z">
          <reporter-output>
          </reporter-output>
        </test-method> <!-- TC6_Product_Details_GetDetails -->
        <test-method status="PASS" signature="TC7_Product_Details_getAvailQuantity()[pri:0, instance:test.ProductsDetailsTest@2669b199]" name="TC7_Product_Details_getAvailQuantity" duration-ms="7" started-at="2020-06-22T14:14:28Z" finished-at="2020-06-22T14:14:28Z">
          <reporter-output>
          </reporter-output>
        </test-method> <!-- TC7_Product_Details_getAvailQuantity -->
        <test-method status="PASS" signature="TC8_Product_Details_getAvailQuantity()[pri:0, instance:test.ProductsDetailsTest@2669b199]" name="TC8_Product_Details_getAvailQuantity" duration-ms="3" started-at="2020-06-22T14:14:28Z" finished-at="2020-06-22T14:14:28Z">
          <reporter-output>
          </reporter-output>
        </test-method> <!-- TC8_Product_Details_getAvailQuantity -->
      </class> <!-- test.ProductsDetailsTest -->
      <class name="test.SupplierTest">
        <test-method status="PASS" signature="TC10_Supplier_inValid_passCode()[pri:0, instance:test.SupplierTest@4590c9c3]" name="TC10_Supplier_inValid_passCode" duration-ms="20" started-at="2020-06-22T14:14:28Z" finished-at="2020-06-22T14:14:28Z">
          <reporter-output>
          </reporter-output>
        </test-method> <!-- TC10_Supplier_inValid_passCode -->
        <test-method status="PASS" signature="TC9_Supplier_Valid_passCode()[pri:0, instance:test.SupplierTest@4590c9c3]" name="TC9_Supplier_Valid_passCode" duration-ms="4" started-at="2020-06-22T14:14:28Z" finished-at="2020-06-22T14:14:28Z">
          <reporter-output>
          </reporter-output>
        </test-method> <!-- TC9_Supplier_Valid_passCode -->
        <test-method status="PASS" signature="resetMachine()[pri:0, instance:test.SupplierTest@4590c9c3]" name="resetMachine" duration-ms="11" started-at="2020-06-22T14:14:28Z" finished-at="2020-06-22T14:14:28Z">
          <reporter-output>
          </reporter-output>
        </test-method> <!-- resetMachine -->
      </class> <!-- test.SupplierTest -->
    </test> <!-- Default test -->
  </suite> <!-- Default suite -->
</testng-results>
