<?xml version="1.0" encoding="UTF-8"?>
<!-- Generated by org.testng.reporters.JUnitXMLReporter -->
<testsuite hostname="LAPTOP-E2P9C9BR" ignored="0" name="Default test" tests="11" failures="0" timestamp="22 Jun 2020 13:14:28 GMT" time="0.162" errors="0">
  <testcase name="TC10_Supplier_inValid_passCode" time="0.02" classname="test.SupplierTest"/>
  <testcase name="TC9_Supplier_Valid_passCode" time="0.004" classname="test.SupplierTest"/>
  <testcase name="resetMachine" time="0.011" classname="test.SupplierTest"/>
  <testcase name="TC1_Validations_IsValid_code" time="0.004" classname="test.ValidationsTest"/>
  <testcase name="TC2_Validations_IsValid_code" time="0.002" classname="test.ValidationsTest"/>
  <testcase name="TC3_Validations_Isvalid_amount" time="0.001" classname="test.ValidationsTest"/>
  <testcase name="TC4_Validations_Isvalid_amount" time="0.002" classname="test.ValidationsTest"/>
  <testcase name="TC5_Product_Details_GetDetails" time="0.003" classname="test.ProductsDetailsTest"/>
  <testcase name="TC6_Product_Details_GetDetails" time="0.002" classname="test.ProductsDetailsTest"/>
  <testcase name="TC7_Product_Details_getAvailQuantity" time="0.007" classname="test.ProductsDetailsTest"/>
  <testcase name="TC8_Product_Details_getAvailQuantity" time="0.003" classname="test.ProductsDetailsTest"/>
</testsuite> <!-- Default test -->
